<?xml version="1.0" encoding="utf-8"?><testsuites><testsuite name="pytest" errors="0" failures="0" skipped="5" tests="8" time="2.158" timestamp="2025-08-28T18:03:53.669041+02:00" hostname="OLI-OMEN"><testcase classname="bumpversion" name="FLAKE8" time="0.001"><skipped type="pytest.skip" message="file(s) previously passed FLAKE8 checks">/media/olivier/ssd1T/dev/kairntech/pyconverters_cairn_xml/.tox/report/lib/python3.8/site-packages/pytest_flake8.py:124: file(s) previously passed FLAKE8 checks</skipped></testcase><testcase classname="src.pyconverters_cairn_xml.__init__" name="FLAKE8" time="0.001"><skipped type="pytest.skip" message="file(s) previously passed FLAKE8 checks">/media/olivier/ssd1T/dev/kairntech/pyconverters_cairn_xml/.tox/report/lib/python3.8/site-packages/pytest_flake8.py:124: file(s) previously passed FLAKE8 checks</skipped></testcase><testcase classname="src.pyconverters_cairn_xml.cairn_xml" name="FLAKE8" time="0.152" /><testcase classname="tests.test_cairn_xml" name="FLAKE8" time="0.000"><skipped type="pytest.skip" message="file(s) previously passed FLAKE8 checks">/media/olivier/ssd1T/dev/kairntech/pyconverters_cairn_xml/.tox/report/lib/python3.8/site-packages/pytest_flake8.py:124: file(s) previously passed FLAKE8 checks</skipped></testcase><testcase classname="tests.test_cairn_xml" name="test_cairn_xml_list" time="0.000"><skipped type="pytest.skip" message="Not a test">/media/olivier/ssd1T/dev/kairntech/pyconverters_cairn_xml/tests/test_cairn_xml.py:15: Not a test</skipped></testcase><testcase classname="tests.test_cairn_xml" name="test_cairn_xml_xml" time="1.294" /><testcase classname="tests.test_cairn_xml" name="test_cairn_xml_corpus" time="0.000"><skipped type="pytest.skip" message="Not a test">/media/olivier/ssd1T/dev/kairntech/pyconverters_cairn_xml/tests/test_cairn_xml.py:108: Not a test</skipped></testcase><testcase classname="tests.test_cairn_xml" name="test_cairn_avec_ordre" time="0.015" /></testsuite></testsuites>