<?xml version="1.0" encoding="utf-8"?><testsuites name="pytest tests"><testsuite name="pytest" errors="0" failures="0" skipped="0" tests="28" time="12.113" timestamp="2025-08-27T19:48:38.255901+12:00" hostname="OS.local"><testcase classname="src.runbooks.finops.tests.test_finops_dashboard.TestFinOpsConfig" name="test_default_configuration" time="0.005" /><testcase classname="src.runbooks.finops.tests.test_finops_dashboard.TestFinOpsConfig" name="test_environment_variable_override" time="0.004" /><testcase classname="src.runbooks.finops.tests.test_finops_dashboard.TestFinOpsConfig" name="test_report_timestamp_format" time="0.004" /><testcase classname="src.runbooks.finops.tests.test_finops_dashboard.TestEnterpriseDiscovery" name="test_discovery_initialization" time="0.004" /><testcase classname="src.runbooks.finops.tests.test_finops_dashboard.TestEnterpriseDiscovery" name="test_successful_account_discovery" time="0.024" /><testcase classname="src.runbooks.finops.tests.test_finops_dashboard.TestEnterpriseDiscovery" name="test_discovery_error_handling" time="0.004" /><testcase classname="src.runbooks.finops.tests.test_finops_dashboard.TestMultiAccountCostTrendAnalyzer" name="test_analyzer_initialization" time="0.004" /><testcase classname="src.runbooks.finops.tests.test_finops_dashboard.TestMultiAccountCostTrendAnalyzer" name="test_cost_trend_analysis_success" time="0.248" /><testcase classname="src.runbooks.finops.tests.test_finops_dashboard.TestMultiAccountCostTrendAnalyzer" name="test_dynamic_account_discovery" time="1.135" /><testcase classname="src.runbooks.finops.tests.test_finops_dashboard.TestMultiAccountCostTrendAnalyzer" name="test_optimization_calculation_logic" time="0.005" /><testcase classname="src.runbooks.finops.tests.test_finops_dashboard.TestResourceUtilizationHeatmapAnalyzer" name="test_heatmap_analyzer_initialization" time="0.005" /><testcase classname="src.runbooks.finops.tests.test_finops_dashboard.TestResourceUtilizationHeatmapAnalyzer" name="test_resource_heatmap_analysis" time="0.005" /><testcase classname="src.runbooks.finops.tests.test_finops_dashboard.TestResourceUtilizationHeatmapAnalyzer" name="test_efficiency_scoring_calculation" time="0.005" /><testcase classname="src.runbooks.finops.tests.test_finops_dashboard.TestEnterpriseResourceAuditor" name="test_auditor_initialization" time="0.004" /><testcase classname="src.runbooks.finops.tests.test_finops_dashboard.TestEnterpriseResourceAuditor" name="test_compliance_audit_execution" time="2.437" /><testcase classname="src.runbooks.finops.tests.test_finops_dashboard.TestEnterpriseExecutiveDashboard" name="test_executive_dashboard_initialization" time="0.004" /><testcase classname="src.runbooks.finops.tests.test_finops_dashboard.TestEnterpriseExecutiveDashboard" name="test_executive_summary_generation" time="0.004" /><testcase classname="src.runbooks.finops.tests.test_finops_dashboard.TestEnterpriseExportEngine" name="test_export_engine_initialization" time="0.004" /><testcase classname="src.runbooks.finops.tests.test_finops_dashboard.TestEnterpriseExportEngine" name="test_export_all_results" time="0.004" /><testcase classname="src.runbooks.finops.tests.test_finops_dashboard.TestEnterpriseExportEngine" name="test_json_export" time="0.004" /><testcase classname="src.runbooks.finops.tests.test_finops_dashboard.TestEnterpriseExportEngine" name="test_csv_export" time="0.004" /><testcase classname="src.runbooks.finops.tests.test_finops_dashboard.TestEnterpriseExportEngine" name="test_html_export" time="0.004" /><testcase classname="src.runbooks.finops.tests.test_finops_dashboard.TestFactoryFunctions" name="test_create_finops_dashboard" time="0.004" /><testcase classname="src.runbooks.finops.tests.test_finops_dashboard.TestFactoryFunctions" name="test_create_finops_dashboard_with_custom_config" time="0.004" /><testcase classname="src.runbooks.finops.tests.test_finops_dashboard.TestFactoryFunctions" name="test_run_complete_finops_analysis" time="3.357" /><testcase classname="src.runbooks.finops.tests.test_finops_dashboard.TestErrorHandlingAndEdgeCases" name="test_cost_analyzer_with_invalid_trend_data" time="0.005" /><testcase classname="src.runbooks.finops.tests.test_finops_dashboard.TestErrorHandlingAndEdgeCases" name="test_heatmap_analyzer_with_empty_account_data" time="0.005" /><testcase classname="src.runbooks.finops.tests.test_finops_dashboard.TestErrorHandlingAndEdgeCases" name="test_export_with_invalid_format" time="0.004" /></testsuite></testsuites>